[2025-01-09T22:08:30.466Z] [INFO]: Request: GET /api/user - IP: ::1
[2025-01-09T22:10:11.106Z] [INFO]: Request: GET /api/auth/check - IP: ::1
[2025-01-09T22:10:11.836Z] [INFO]: Request: GET /public/assets/profile-image/f83c925aaef90e1cb550979576ffdcdc.png - IP: ::1
[2025-01-09T22:10:11.839Z] [INFO]: Request: GET /api/category/categories-with-blog-count - IP: ::1
[2025-01-09T22:10:11.847Z] [INFO]: Request: GET /api/blog - IP: ::1
[2025-01-09T22:10:24.848Z] [INFO]: Request: GET /api/category/categories-with-blog-count - IP: ::1
[2025-01-09T22:10:24.853Z] [INFO]: Request: GET /api/blog - IP: ::1
[2025-01-09T22:10:28.948Z] [INFO]: Request: GET /api/blog - IP: ::1
[2025-01-09T22:10:34.209Z] [INFO]: Request: GET /api/category - IP: ::1
[2025-01-09T22:10:34.221Z] [INFO]: Request: GET /api/tag - IP: ::1
[2025-01-09T22:10:40.832Z] [INFO]: Request: GET /api/tag - IP: ::1
[2025-01-09T22:10:40.836Z] [INFO]: Request: GET /api/category - IP: ::1
[2025-01-09T22:10:46.684Z] [INFO]: Request: GET /api/blog - IP: ::1
[2025-01-09T22:10:48.388Z] [INFO]: Request: GET /api/category - IP: ::1
[2025-01-09T22:10:48.391Z] [INFO]: Request: GET /api/tag - IP: ::1
[2025-01-09T22:10:52.714Z] [INFO]: Request: GET /api/category - IP: ::1
[2025-01-09T22:10:52.720Z] [INFO]: Request: GET /api/tag - IP: ::1
[2025-01-09T22:10:55.538Z] [INFO]: Request: GET /api/user - IP: ::1
[2025-01-09T22:10:56.107Z] [INFO]: Request: GET /public/assets/profile-image/26e0dfab7c0f24beed1c96de641c5b90.png - IP: ::1
[2025-01-09T22:10:56.108Z] [INFO]: Request: GET /public/assets/profile-image/4f8275eb37b84cbf97888d2707ef91b3.png - IP: ::1
[2025-01-09T22:10:56.125Z] [INFO]: Request: GET /public/assets/profile-image/ca9e90cfd08134867fd617bb28b96653.png - IP: ::1
[2025-01-09T22:11:02.169Z] [INFO]: Request: GET /api/user - IP: ::1
[2025-01-09T22:11:29.036Z] [INFO]: Request: GET /api/user - IP: ::1
[2025-01-09T22:15:12.209Z] [INFO]: Request: GET /api/auth/check - IP: ::1
[2025-01-09T22:17:33.788Z] [INFO]: Request: GET /api/user - IP: ::1
[2025-01-09T22:20:12.174Z] [INFO]: Request: GET /api/auth/check - IP: ::1
[2025-01-09T22:25:12.176Z] [INFO]: Request: GET /api/auth/check - IP: ::1
[2025-01-09T22:30:12.170Z] [INFO]: Request: GET /api/auth/check - IP: ::1
[2025-01-09T22:31:08.686Z] [INFO]: Request: GET /api/user - IP: ::1
[2025-01-09T22:31:19.374Z] [INFO]: Request: POST /api/user/check-username - IP: ::1
[2025-01-09T22:31:34.403Z] [INFO]: Request: POST /api/user - IP: ::1
[2025-01-09T22:33:45.992Z] [INFO]: Request: GET /public/assets/profile-image/f83c925aaef90e1cb550979576ffdcdc.png - IP: ::1
[2025-01-09T22:33:52.798Z] [INFO]: Request: GET /public/assets/profile-image/f83c925aaef90e1cb550979576ffdcdc.png - IP: ::1
[2025-01-09T22:33:58.952Z] [INFO]: Request: POST /api/user/check-username - IP: ::1
[2025-01-09T22:34:15.579Z] [INFO]: Request: POST /api/user - IP: ::1
[2025-01-09T22:35:28.050Z] [INFO]: Request: GET /api/user - IP: ::1
[2025-01-09T22:35:28.240Z] [INFO]: Request: GET /public/assets/profile-image/06c0cdcc3141b59285b7c81d60b173c5.png - IP: ::1
[2025-01-09T22:35:28.243Z] [INFO]: Request: GET /public/assets/profile-image/dbe609ae3b9fff65f8ecc12af8df3f6a.png - IP: ::1
[2025-01-09T22:35:28.251Z] [INFO]: Request: GET /public/assets/profile-image/26e0dfab7c0f24beed1c96de641c5b90.png - IP: ::1
[2025-01-09T22:35:28.255Z] [INFO]: Request: GET /public/assets/profile-image/ca9e90cfd08134867fd617bb28b96653.png - IP: ::1
[2025-01-09T22:35:28.267Z] [INFO]: Request: GET /public/assets/profile-image/4f8275eb37b84cbf97888d2707ef91b3.png - IP: ::1
[2025-01-09T22:35:32.529Z] [INFO]: Request: DELETE /api/user/cm5pwkt0w0000pcezopaiu2nq - IP: ::1
[2025-01-09T22:35:33.097Z] [INFO]: Request: GET /api/user - IP: ::1
[2025-01-09T22:35:40.562Z] [INFO]: Request: DELETE /api/user/cm5pwo9cv0000pcbxear7p6gm - IP: ::1
[2025-01-09T22:35:40.737Z] [INFO]: Request: GET /api/user - IP: ::1
[2025-01-09T22:35:47.980Z] [INFO]: Request: GET /api/user - IP: ::1
[2025-01-09T22:35:51.610Z] [INFO]: Request: GET /public/assets/profile-image/f83c925aaef90e1cb550979576ffdcdc.png - IP: ::1
[2025-01-09T22:37:03.439Z] [INFO]: Request: GET /public/assets/profile-image/f83c925aaef90e1cb550979576ffdcdc.png - IP: ::1
[2025-01-09T22:37:09.554Z] [INFO]: Request: POST /api/user/check-username - IP: ::1
[2025-01-09T22:37:21.313Z] [INFO]: Request: POST /api/user - IP: ::1
[2025-01-09T22:37:21.362Z] [ERROR]: Error: Cannot use same file for input and output | Path: POST /api/user | IP: ::1
[2025-01-09T22:39:51.660Z] [INFO]: Request: POST /api/user - IP: ::1
[2025-01-09T22:40:36.615Z] [INFO]: Request: GET /api/user - IP: ::1
[2025-01-09T22:40:37.969Z] [INFO]: Request: GET /public/assets/profile-image/26e0dfab7c0f24beed1c96de641c5b90.png - IP: ::1
[2025-01-09T22:40:37.974Z] [INFO]: Request: GET /public/assets/profile-image/ca9e90cfd08134867fd617bb28b96653.png - IP: ::1
[2025-01-09T22:40:37.978Z] [INFO]: Request: GET /public/assets/profile-image/4f8275eb37b84cbf97888d2707ef91b3.png - IP: ::1
[2025-01-09T22:41:12.760Z] [INFO]: Request: GET /public/assets/profile-image/f83c925aaef90e1cb550979576ffdcdc.png - IP: ::1
[2025-01-09T22:41:12.787Z] [INFO]: Request: GET /api/user - IP: ::1
[2025-01-09T22:41:13.347Z] [INFO]: Request: GET /public/assets/profile-image/26e0dfab7c0f24beed1c96de641c5b90.png - IP: ::1
[2025-01-09T22:41:13.352Z] [INFO]: Request: GET /public/assets/profile-image/ca9e90cfd08134867fd617bb28b96653.png - IP: ::1
[2025-01-09T22:41:13.357Z] [INFO]: Request: GET /public/assets/profile-image/4f8275eb37b84cbf97888d2707ef91b3.png - IP: ::1
[2025-01-09T22:41:32.591Z] [INFO]: Request: GET /api/user - IP: ::1
[2025-01-09T22:41:46.653Z] [INFO]: Request: POST /api/user/check-username - IP: ::1
[2025-01-09T22:41:56.621Z] [INFO]: Request: POST /api/user - IP: ::1
[2025-01-09T22:41:59.673Z] [INFO]: Request: GET /public/assets/profile-image/26e0dfab7c0f24beed1c96de641c5b90.png - IP: ::1
[2025-01-09T22:41:59.675Z] [INFO]: Request: GET /public/assets/profile-image/4f8275eb37b84cbf97888d2707ef91b3.png - IP: ::1
[2025-01-09T22:41:59.679Z] [INFO]: Request: GET /public/assets/profile-image/ca9e90cfd08134867fd617bb28b96653.png - IP: ::1
[2025-01-09T22:41:59.682Z] [INFO]: Request: GET /api/user - IP: ::1
[2025-01-09T22:41:59.738Z] [INFO]: Request: GET /public/assets/profile-image/compressed-3e6c72dae0325e9d0eb6d3d06116c1c7.png - IP: ::1
[2025-01-09T22:42:17.228Z] [INFO]: Request: GET /api/user - IP: ::1
[2025-01-09T22:42:19.994Z] [INFO]: Request: GET /api/user/cm5pwy5a80000pcm2eomyf7f6 - IP: ::1
[2025-01-09T22:42:21.743Z] [INFO]: Request: GET /api/user/cm5pwy5a80000pcm2eomyf7f6 - IP: ::1
[2025-01-09T22:42:24.065Z] [INFO]: Request: GET /api/user - IP: ::1
[2025-01-09T22:42:28.741Z] [INFO]: Request: GET /api/user - IP: ::1
[2025-01-09T22:46:13.244Z] [INFO]: Request: GET /api/auth/check - IP: ::1
[2025-01-09T22:46:43.289Z] [INFO]: Request: POST /api/administrator - IP: ::1
[2025-01-09T22:47:10.184Z] [INFO]: Request: POST /api/administrator - IP: ::1
[2025-01-09T22:48:51.022Z] [INFO]: Request: GET /api/user - IP: ::1
[2025-01-09T22:48:52.980Z] [INFO]: Request: GET /api/category - IP: ::1
[2025-01-09T22:48:52.986Z] [INFO]: Request: GET /api/tag - IP: ::1
[2025-01-09T22:48:58.054Z] [INFO]: Request: GET /api/category - IP: ::1
[2025-01-09T22:48:58.057Z] [INFO]: Request: GET /api/tag - IP: ::1
[2025-01-09T22:49:01.974Z] [INFO]: Request: POST /api/blog/coverimage - IP: ::1
[2025-01-09T22:49:01.986Z] [ERROR]: Error: Unexpected field | Path: POST /api/blog/coverimage | IP: ::1
[2025-01-09T22:49:17.814Z] [INFO]: Request: GET /api/category - IP: ::1
[2025-01-09T22:49:17.819Z] [INFO]: Request: GET /api/tag - IP: ::1
[2025-01-09T22:49:56.771Z] [INFO]: Request: GET /public/assets/profile-image/f83c925aaef90e1cb550979576ffdcdc.png - IP: ::1
[2025-01-09T22:49:57.058Z] [INFO]: Request: GET /api/category - IP: ::1
[2025-01-09T22:49:57.068Z] [INFO]: Request: GET /api/tag - IP: ::1
[2025-01-09T22:50:00.999Z] [INFO]: Request: GET /api/category - IP: ::1
[2025-01-09T22:50:01.003Z] [INFO]: Request: GET /api/tag - IP: ::1
[2025-01-09T22:50:05.025Z] [INFO]: Request: POST /api/blog/coverimage - IP: ::1
[2025-01-09T22:50:47.831Z] [INFO]: Request: GET /api/category - IP: ::1
[2025-01-09T22:50:47.842Z] [INFO]: Request: GET /api/tag - IP: ::1
[2025-01-09T22:51:34.522Z] [INFO]: Request: GET /api/category - IP: ::1
[2025-01-09T22:51:34.527Z] [INFO]: Request: GET /api/tag - IP: ::1
[2025-01-09T22:52:34.658Z] [INFO]: Request: GET /api/category - IP: ::1
[2025-01-09T22:52:34.674Z] [INFO]: Request: GET /api/tag - IP: ::1
[2025-01-09T22:52:37.453Z] [INFO]: Request: GET /public/assets/profile-image/f83c925aaef90e1cb550979576ffdcdc.png - IP: ::1
[2025-01-09T22:52:37.770Z] [INFO]: Request: GET /api/category - IP: ::1
[2025-01-09T22:52:37.771Z] [INFO]: Request: GET /api/tag - IP: ::1
[2025-01-09T22:52:55.205Z] [INFO]: Request: GET /api/category - IP: ::1
[2025-01-09T22:52:55.210Z] [INFO]: Request: GET /api/tag - IP: ::1
[2025-01-09T22:52:56.177Z] [INFO]: Request: GET /api/user - IP: ::1
[2025-01-09T22:52:56.297Z] [INFO]: Request: GET /public/assets/profile-image/26e0dfab7c0f24beed1c96de641c5b90.png - IP: ::1
[2025-01-09T22:52:56.298Z] [INFO]: Request: GET /public/assets/profile-image/4f8275eb37b84cbf97888d2707ef91b3.png - IP: ::1
[2025-01-09T22:52:56.303Z] [INFO]: Request: GET /public/assets/profile-image/compressed-3e6c72dae0325e9d0eb6d3d06116c1c7.png - IP: ::1
[2025-01-09T22:52:56.309Z] [INFO]: Request: GET /public/assets/profile-image/ca9e90cfd08134867fd617bb28b96653.png - IP: ::1
[2025-01-09T22:53:00.740Z] [INFO]: Request: DELETE /api/user/cm5pwy5a80000pcm2eomyf7f6 - IP: ::1
[2025-01-09T22:53:00.999Z] [INFO]: Request: GET /api/user - IP: ::1
[2025-01-09T22:53:08.302Z] [INFO]: Request: DELETE /api/user/cm5px4wk80000pcuptlyikaxd - IP: ::1
[2025-01-09T22:53:08.475Z] [INFO]: Request: GET /api/user - IP: ::1
[2025-01-09T22:53:14.800Z] [INFO]: Request: GET /api/category - IP: ::1
[2025-01-09T22:53:14.803Z] [INFO]: Request: GET /api/tag - IP: ::1
[2025-01-09T22:53:20.668Z] [INFO]: Request: GET /api/category - IP: ::1
[2025-01-09T22:53:20.671Z] [INFO]: Request: GET /api/tag - IP: ::1
[2025-01-09T22:53:20.682Z] [INFO]: Request: POST /api/blog/coverimage - IP: ::1
[2025-01-09T22:53:20.718Z] [ERROR]: Error: Cannot use same file for input and output | Path: POST /api/blog/coverimage | IP: ::1
[2025-01-09T22:53:35.127Z] [INFO]: Request: GET /api/tag - IP: ::1
[2025-01-09T22:53:35.151Z] [INFO]: Request: GET /api/category - IP: ::1
[2025-01-09T22:57:15.746Z] [INFO]: Request: GET /api/category - IP: ::1
[2025-01-09T22:57:15.759Z] [INFO]: Request: GET /api/tag - IP: ::1
[2025-01-09T22:57:17.161Z] [INFO]: Request: GET /public/assets/profile-image/f83c925aaef90e1cb550979576ffdcdc.png - IP: ::1
[2025-01-09T22:57:17.477Z] [INFO]: Request: GET /api/category - IP: ::1
[2025-01-09T22:57:17.481Z] [INFO]: Request: GET /api/tag - IP: ::1
[2025-01-09T22:57:21.445Z] [INFO]: Request: GET /api/category - IP: ::1
[2025-01-09T22:57:21.448Z] [INFO]: Request: GET /api/tag - IP: ::1
[2025-01-09T22:57:21.457Z] [INFO]: Request: POST /api/blog/coverimage - IP: ::1
[2025-01-09T22:57:30.953Z] [INFO]: Request: GET /api/category - IP: ::1
[2025-01-09T22:57:30.956Z] [INFO]: Request: GET /api/tag - IP: ::1
[2025-01-09T22:57:32.572Z] [INFO]: Request: GET /public/assets/profile-image/f83c925aaef90e1cb550979576ffdcdc.png - IP: ::1
[2025-01-09T22:57:32.884Z] [INFO]: Request: GET /api/category - IP: ::1
[2025-01-09T22:57:32.886Z] [INFO]: Request: GET /api/tag - IP: ::1
[2025-01-09T22:57:41.430Z] [INFO]: Request: GET /api/category - IP: ::1
[2025-01-09T22:57:41.437Z] [INFO]: Request: GET /api/tag - IP: ::1
[2025-01-09T22:57:58.968Z] [INFO]: Request: GET /api/category - IP: ::1
[2025-01-09T22:57:58.977Z] [INFO]: Request: GET /api/tag - IP: ::1
[2025-01-09T22:57:58.980Z] [INFO]: Request: POST /api/blog/coverimage - IP: ::1
[2025-01-09T22:58:16.297Z] [INFO]: Request: GET /api/category - IP: ::1
[2025-01-09T22:58:16.321Z] [INFO]: Request: GET /api/tag - IP: ::1
[2025-01-09T23:02:32.597Z] [INFO]: Request: GET /api/auth/check - IP: ::1
[2025-01-09T23:07:32.559Z] [INFO]: Request: GET /api/auth/check - IP: ::1
[2025-01-09T23:08:55.528Z] [INFO]: Request: GET /api/category - IP: ::1
[2025-01-09T23:08:55.550Z] [INFO]: Request: GET /api/tag - IP: ::1
[2025-01-09T23:09:00.649Z] [INFO]: Request: GET /api/category - IP: ::1
[2025-01-09T23:09:00.654Z] [INFO]: Request: GET /api/tag - IP: ::1
[2025-01-09T23:09:03.352Z] [INFO]: Request: GET /public/assets/profile-image/f83c925aaef90e1cb550979576ffdcdc.png - IP: ::1
[2025-01-09T23:09:03.642Z] [INFO]: Request: GET /api/category - IP: ::1
[2025-01-09T23:09:03.647Z] [INFO]: Request: GET /api/tag - IP: ::1
[2025-01-09T23:09:19.859Z] [INFO]: Request: GET /api/category - IP: ::1
[2025-01-09T23:09:19.875Z] [INFO]: Request: GET /api/tag - IP: ::1
[2025-01-09T23:09:23.436Z] [INFO]: Request: POST /api/blog/coverimage - IP: ::1
[2025-01-09T23:09:36.961Z] [INFO]: Request: GET /api/category - IP: ::1
[2025-01-09T23:09:36.965Z] [INFO]: Request: GET /api/tag - IP: ::1
[2025-01-09T23:09:38.381Z] [INFO]: Request: GET /public/assets/profile-image/f83c925aaef90e1cb550979576ffdcdc.png - IP: ::1
[2025-01-09T23:09:38.697Z] [INFO]: Request: GET /api/category - IP: ::1
[2025-01-09T23:09:38.699Z] [INFO]: Request: GET /api/tag - IP: ::1
[2025-01-09T23:09:45.235Z] [INFO]: Request: GET /api/category - IP: ::1
[2025-01-09T23:09:45.253Z] [INFO]: Request: GET /api/tag - IP: ::1
[2025-01-09T23:09:55.962Z] [INFO]: Request: GET /api/category - IP: ::1
[2025-01-09T23:09:55.971Z] [INFO]: Request: GET /api/tag - IP: ::1
[2025-01-09T23:14:39.228Z] [INFO]: Request: GET /api/auth/check - IP: ::1
[2025-01-09T23:19:39.243Z] [INFO]: Request: GET /api/auth/check - IP: ::1
[2025-01-09T23:24:39.271Z] [INFO]: Request: GET /api/auth/check - IP: ::1
[2025-01-09T23:29:39.268Z] [INFO]: Request: GET /api/auth/check - IP: ::1
[2025-01-09T23:38:10.871Z] [INFO]: Request: GET /api/auth/check - IP: ::1
[2025-01-09T23:39:54.278Z] [INFO]: Request: GET /api/auth/check - IP: ::1
[2025-01-09T23:44:54.288Z] [INFO]: Request: GET /api/auth/check - IP: ::1
[2025-01-09T23:49:54.260Z] [INFO]: Request: GET /api/auth/check - IP: ::1
[2025-01-09T23:52:39.101Z] [INFO]: Request: GET /api/blog - IP: ::1
[2025-01-09T23:54:54.267Z] [INFO]: Request: GET /api/auth/check - IP: ::1
[2025-01-09T23:59:54.263Z] [INFO]: Request: GET /api/auth/check - IP: ::1
[2025-01-10T00:02:59.829Z] [INFO]: Request: GET /api/category - IP: ::1
[2025-01-10T00:02:59.843Z] [INFO]: Request: GET /api/tag - IP: ::1
[2025-01-10T00:03:01.653Z] [INFO]: Request: GET /public/assets/profile-image/f83c925aaef90e1cb550979576ffdcdc.png - IP: ::1
[2025-01-10T00:03:01.940Z] [INFO]: Request: GET /api/category - IP: ::1
[2025-01-10T00:03:01.941Z] [INFO]: Request: GET /api/tag - IP: ::1
[2025-01-10T00:03:05.410Z] [INFO]: Request: GET /api/blog - IP: ::1
[2025-01-10T00:03:11.008Z] [INFO]: Request: GET /api/blog/cm5o8donz0005pcpip6uotuqg - IP: ::1
[2025-01-10T00:03:11.015Z] [INFO]: Request: GET /api/category - IP: ::1
[2025-01-10T00:03:11.017Z] [INFO]: Request: GET /api/tag - IP: ::1
[2025-01-10T00:03:11.403Z] [INFO]: Request: GET /api/blog/cm5o8donz0005pcpip6uotuqg - IP: ::1
[2025-01-10T00:03:11.469Z] [INFO]: Request: GET /public/assets/blog/77945b8626414a2fe027f4c88b5b91a0.jpg - IP: ::1
[2025-01-10T00:03:23.100Z] [INFO]: Request: PATCH /api/blog/cm5o8donz0005pcpip6uotuqg - IP: ::1
[2025-01-10T00:03:27.103Z] [INFO]: Request: GET /api/category - IP: ::1
[2025-01-10T00:03:27.128Z] [INFO]: Request: GET /api/tag - IP: ::1
[2025-01-10T00:04:06.379Z] [INFO]: Request: GET /api/category - IP: ::1
[2025-01-10T00:04:06.384Z] [INFO]: Request: GET /api/tag - IP: ::1
[2025-01-10T00:04:37.914Z] [INFO]: Request: GET /api/category - IP: ::1
[2025-01-10T00:04:37.927Z] [INFO]: Request: GET /api/tag - IP: ::1
[2025-01-10T00:04:42.120Z] [INFO]: Request: PATCH /api/blog/cm5o8donz0005pcpip6uotuqg - IP: ::1
[2025-01-10T00:05:18.872Z] [INFO]: Request: GET /api/category - IP: ::1
[2025-01-10T00:05:18.886Z] [INFO]: Request: GET /api/tag - IP: ::1
[2025-01-10T00:06:12.773Z] [INFO]: Request: GET /api/category - IP: ::1
[2025-01-10T00:06:12.785Z] [INFO]: Request: GET /api/tag - IP: ::1
[2025-01-10T00:06:15.771Z] [INFO]: Request: PATCH /api/blog/cm5o8donz0005pcpip6uotuqg - IP: ::1
[2025-01-10T00:07:03.037Z] [INFO]: Request: GET /public/assets/profile-image/f83c925aaef90e1cb550979576ffdcdc.png - IP: ::1
[2025-01-10T00:07:03.340Z] [INFO]: Request: GET /api/category - IP: ::1
[2025-01-10T00:07:03.358Z] [INFO]: Request: GET /api/tag - IP: ::1
[2025-01-10T00:07:03.362Z] [INFO]: Request: GET /api/blog/cm5o8donz0005pcpip6uotuqg - IP: ::1
[2025-01-10T00:07:04.247Z] [INFO]: Request: GET /api/blog/cm5o8donz0005pcpip6uotuqg - IP: ::1
[2025-01-10T00:07:04.256Z] [INFO]: Request: GET /public/assets/blog/77945b8626414a2fe027f4c88b5b91a0.jpg - IP: ::1
[2025-01-10T00:07:10.544Z] [INFO]: Request: PATCH /api/blog/cm5o8donz0005pcpip6uotuqg - IP: ::1
[2025-01-10T00:07:34.279Z] [INFO]: Request: GET /api/category - IP: ::1
[2025-01-10T00:07:34.295Z] [INFO]: Request: GET /api/tag - IP: ::1
[2025-01-10T00:07:35.915Z] [INFO]: Request: PATCH /api/blog/cm5o8donz0005pcpip6uotuqg - IP: ::1
[2025-01-10T00:08:53.341Z] [INFO]: Request: GET /api/tag - IP: ::1
[2025-01-10T00:08:53.368Z] [INFO]: Request: GET /api/category - IP: ::1
[2025-01-10T00:08:56.699Z] [INFO]: Request: PATCH /api/blog/cm5o8donz0005pcpip6uotuqg - IP: ::1
[2025-01-10T00:09:39.601Z] [INFO]: Request: GET /public/assets/profile-image/f83c925aaef90e1cb550979576ffdcdc.png - IP: ::1
[2025-01-10T00:09:39.843Z] [INFO]: Request: GET /api/category - IP: ::1
[2025-01-10T00:09:39.853Z] [INFO]: Request: GET /api/tag - IP: ::1
[2025-01-10T00:09:39.855Z] [INFO]: Request: GET /api/blog/cm5o8donz0005pcpip6uotuqg - IP: ::1
[2025-01-10T00:09:41.027Z] [INFO]: Request: GET /api/blog/cm5o8donz0005pcpip6uotuqg - IP: ::1
[2025-01-10T00:09:41.031Z] [INFO]: Request: GET /public/assets/blog/77945b8626414a2fe027f4c88b5b91a0.jpg - IP: ::1
[2025-01-10T00:09:48.433Z] [INFO]: Request: PATCH /api/blog/cm5o8donz0005pcpip6uotuqg - IP: ::1
[2025-01-10T00:09:58.571Z] [INFO]: Request: GET /api/category - IP: ::1
[2025-01-10T00:09:58.572Z] [INFO]: Request: GET /api/tag - IP: ::1
[2025-01-10T00:11:01.581Z] [INFO]: Request: GET /api/category - IP: ::1
[2025-01-10T00:11:01.594Z] [INFO]: Request: GET /api/tag - IP: ::1
[2025-01-10T00:11:27.087Z] [INFO]: Request: GET /api/tag - IP: ::1
[2025-01-10T00:11:27.102Z] [INFO]: Request: GET /api/category - IP: ::1
[2025-01-10T00:11:28.628Z] [INFO]: Request: PATCH /api/blog/cm5o8donz0005pcpip6uotuqg - IP: ::1
[2025-01-10T00:11:49.458Z] [INFO]: Request: GET /api/category - IP: ::1
[2025-01-10T00:11:49.472Z] [INFO]: Request: GET /api/tag - IP: ::1
[2025-01-10T00:11:50.360Z] [INFO]: Request: GET /api/blog - IP: ::1
[2025-01-10T00:11:53.710Z] [INFO]: Request: GET /api/blog/cm5o8faiy000cpcpipi8ihu4d - IP: ::1
[2025-01-10T00:11:53.733Z] [INFO]: Request: GET /api/category - IP: ::1
[2025-01-10T00:11:53.736Z] [INFO]: Request: GET /api/tag - IP: ::1
[2025-01-10T00:11:54.128Z] [INFO]: Request: GET /api/blog/cm5o8faiy000cpcpipi8ihu4d - IP: ::1
[2025-01-10T00:11:54.161Z] [INFO]: Request: GET /public/assets/blog/60983d54faef6b81db2884ead513a49c.jpg - IP: ::1
[2025-01-10T00:12:01.418Z] [INFO]: Request: PATCH /api/blog/cm5o8faiy000cpcpipi8ihu4d - IP: ::1
[2025-01-10T00:14:39.546Z] [INFO]: Request: GET /api/auth/check - IP: ::1
[2025-01-10T00:14:45.724Z] [INFO]: Request: GET /api/category - IP: ::1
[2025-01-10T00:14:45.734Z] [INFO]: Request: GET /api/tag - IP: ::1
[2025-01-10T00:14:47.351Z] [INFO]: Request: PATCH /api/blog/cm5o8faiy000cpcpipi8ihu4d - IP: ::1
[2025-01-10T00:17:58.466Z] [INFO]: Request: GET /api/category - IP: ::1
[2025-01-10T00:17:58.492Z] [INFO]: Request: GET /api/tag - IP: ::1
[2025-01-10T00:18:01.317Z] [INFO]: Request: PATCH /api/blog/cm5o8faiy000cpcpipi8ihu4d - IP: ::1
[2025-01-10T00:18:04.126Z] [INFO]: Request: GET /api/blog/cm5o8faiy000cpcpipi8ihu4d - IP: ::1
[2025-01-10T00:18:05.198Z] [INFO]: Request: GET /public/assets/profile-image/26e0dfab7c0f24beed1c96de641c5b90.png - IP: ::1
[2025-01-10T00:18:10.331Z] [INFO]: Request: GET /api/blog/cm5o8faiy000cpcpipi8ihu4d - IP: ::1
[2025-01-10T00:18:10.344Z] [INFO]: Request: GET /api/category - IP: ::1
[2025-01-10T00:18:10.348Z] [INFO]: Request: GET /api/tag - IP: ::1
[2025-01-10T00:18:10.551Z] [INFO]: Request: GET /api/blog/cm5o8faiy000cpcpipi8ihu4d - IP: ::1
[2025-01-10T00:18:19.481Z] [INFO]: Request: PATCH /api/blog/cm5o8faiy000cpcpipi8ihu4d - IP: ::1
[2025-01-10T00:18:20.249Z] [INFO]: Request: GET /public/assets/profile-image/26e0dfab7c0f24beed1c96de641c5b90.png - IP: ::1
[2025-01-10T00:18:20.256Z] [INFO]: Request: GET /api/blog/cm5o8faiy000cpcpipi8ihu4d - IP: ::1
[2025-01-10T00:19:39.551Z] [INFO]: Request: GET /api/auth/check - IP: ::1
[2025-01-10T00:20:29.250Z] [INFO]: Request: GET /api/blog/cm5o8faiy000cpcpipi8ihu4d - IP: ::1
[2025-01-10T00:20:30.156Z] [INFO]: Request: GET /api/blog - IP: ::1
[2025-01-10T00:20:39.278Z] [INFO]: Request: GET /api/blog/cm5otxrt50005jv03h25ci9k8 - IP: ::1
[2025-01-10T00:20:39.300Z] [INFO]: Request: GET /api/tag - IP: ::1
[2025-01-10T00:20:39.301Z] [INFO]: Request: GET /api/category - IP: ::1
[2025-01-10T00:20:39.446Z] [INFO]: Request: GET /api/blog/cm5otxrt50005jv03h25ci9k8 - IP: ::1
[2025-01-10T00:20:52.599Z] [INFO]: Request: GET /api/category - IP: ::1
[2025-01-10T00:20:52.605Z] [INFO]: Request: GET /api/tag - IP: ::1
[2025-01-10T00:21:00.839Z] [INFO]: Request: GET /api/category - IP: ::1
[2025-01-10T00:21:00.873Z] [INFO]: Request: GET /api/tag - IP: ::1
[2025-01-10T00:21:00.881Z] [INFO]: Request: POST /api/blog/coverimage - IP: ::1
[2025-01-10T00:21:21.048Z] [INFO]: Request: GET /api/category - IP: ::1
[2025-01-10T00:21:21.054Z] [INFO]: Request: GET /api/tag - IP: ::1
[2025-01-10T00:21:26.567Z] [INFO]: Request: GET /api/category - IP: ::1
[2025-01-10T00:21:26.571Z] [INFO]: Request: GET /api/tag - IP: ::1
[2025-01-10T00:21:38.584Z] [INFO]: Request: PATCH /api/blog/cm5otxrt50005jv03h25ci9k8 - IP: ::1
[2025-01-10T00:21:39.962Z] [INFO]: Request: GET /api/blog/cm5otxrt50005jv03h25ci9k8 - IP: ::1
[2025-01-10T00:21:40.731Z] [INFO]: Request: GET /public/assets/blog/aaa2004bbe328ac8e2bfb08cfbbc8a17.jpg - IP: ::1
[2025-01-10T00:21:51.603Z] [INFO]: Request: GET /api/blog/cm5otxrt50005jv03h25ci9k8 - IP: ::1
[2025-01-10T00:21:51.606Z] [INFO]: Request: GET /api/category - IP: ::1
[2025-01-10T00:21:51.607Z] [INFO]: Request: GET /api/tag - IP: ::1
[2025-01-10T00:21:51.797Z] [INFO]: Request: GET /api/blog/cm5otxrt50005jv03h25ci9k8 - IP: ::1
[2025-01-10T00:21:51.821Z] [INFO]: Request: GET /public/assets/blog/aaa2004bbe328ac8e2bfb08cfbbc8a17.jpg - IP: ::1
[2025-01-10T00:21:57.064Z] [INFO]: Request: GET /api/blog/cm5otxrt50005jv03h25ci9k8 - IP: ::1
[2025-01-10T00:22:15.278Z] [INFO]: Request: GET /api/blog - IP: ::1
[2025-01-10T00:22:20.907Z] [INFO]: Request: GET /api/category/categories-with-blog-count - IP: ::1
[2025-01-10T00:22:20.909Z] [INFO]: Request: GET /api/blog - IP: ::1
[2025-01-10T00:23:31.441Z] [INFO]: Request: GET /api/blog - IP: ::1
[2025-01-10T00:23:31.445Z] [INFO]: Request: GET /api/category/categories-with-blog-count - IP: ::1
[2025-01-10T00:23:33.146Z] [INFO]: Request: GET /public/assets/profile-image/f83c925aaef90e1cb550979576ffdcdc.png - IP: ::1
[2025-01-10T00:23:33.548Z] [INFO]: Request: GET /api/blog - IP: ::1
[2025-01-10T00:23:33.549Z] [INFO]: Request: GET /api/category/categories-with-blog-count - IP: ::1
[2025-01-10T00:23:57.414Z] [INFO]: Request: GET /api/category/categories-with-blog-count - IP: ::1
[2025-01-10T00:23:57.417Z] [INFO]: Request: GET /api/blog - IP: ::1
[2025-01-10T00:24:19.733Z] [INFO]: Request: GET /public/assets/profile-image/f83c925aaef90e1cb550979576ffdcdc.png - IP: ::1
[2025-01-10T00:24:20.066Z] [INFO]: Request: GET /api/category/categories-with-blog-count - IP: ::1
[2025-01-10T00:24:20.071Z] [INFO]: Request: GET /api/blog - IP: ::1
[2025-01-10T00:24:30.860Z] [INFO]: Request: GET /public/assets/profile-image/f83c925aaef90e1cb550979576ffdcdc.png - IP: ::1
[2025-01-10T00:24:31.207Z] [INFO]: Request: GET /api/blog - IP: ::1
[2025-01-10T00:24:31.210Z] [INFO]: Request: GET /api/category/categories-with-blog-count - IP: ::1
[2025-01-10T00:27:12.406Z] [INFO]: Request: GET /api/blog - IP: ::1
[2025-01-10T00:27:12.431Z] [INFO]: Request: GET /api/category/categories-with-blog-count - IP: ::1
[2025-01-10T00:28:00.064Z] [INFO]: Request: GET /public/assets/profile-image/f83c925aaef90e1cb550979576ffdcdc.png - IP: ::1
[2025-01-10T00:28:00.366Z] [INFO]: Request: GET /api/blog - IP: ::1
[2025-01-10T00:28:00.378Z] [INFO]: Request: GET /api/category/categories-with-blog-count - IP: ::1
[2025-01-10T00:29:47.605Z] [INFO]: Request: GET /api/category/categories-with-blog-count - IP: ::1
[2025-01-10T00:29:47.616Z] [INFO]: Request: GET /api/blog - IP: ::1
[2025-01-10T00:30:59.696Z] [INFO]: Request: GET /api/category/categories-with-blog-count - IP: ::1
[2025-01-10T00:30:59.704Z] [INFO]: Request: GET /api/blog - IP: ::1
[2025-01-10T00:31:55.542Z] [INFO]: Request: GET /public/assets/profile-image/f83c925aaef90e1cb550979576ffdcdc.png - IP: ::1
[2025-01-10T00:31:55.890Z] [INFO]: Request: GET /api/blog - IP: ::1
[2025-01-10T00:31:55.893Z] [INFO]: Request: GET /api/category/categories-with-blog-count - IP: ::1
[2025-01-10T00:32:16.745Z] [INFO]: Request: GET /public/assets/profile-image/f83c925aaef90e1cb550979576ffdcdc.png - IP: ::1
[2025-01-10T00:32:17.080Z] [INFO]: Request: GET /api/category/categories-with-blog-count - IP: ::1
[2025-01-10T00:32:17.081Z] [INFO]: Request: GET /api/blog - IP: ::1
[2025-01-10T00:32:59.969Z] [INFO]: Request: GET /api/category/categories-with-blog-count - IP: ::1
[2025-01-10T00:32:59.979Z] [INFO]: Request: GET /api/blog - IP: ::1
[2025-01-10T00:33:12.587Z] [INFO]: Request: GET /public/assets/profile-image/f83c925aaef90e1cb550979576ffdcdc.png - IP: ::1
[2025-01-10T00:33:12.966Z] [INFO]: Request: GET /api/blog - IP: ::1
[2025-01-10T00:33:12.968Z] [INFO]: Request: GET /api/category/categories-with-blog-count - IP: ::1
[2025-01-10T00:37:13.941Z] [INFO]: Request: GET /api/category/categories-with-blog-count - IP: ::1
[2025-01-10T00:38:03.907Z] [INFO]: Request: GET /api/blog - IP: ::1
[2025-01-10T00:38:12.607Z] [INFO]: Request: GET /api/auth/check - IP: ::1
[2025-01-10T00:38:52.016Z] [INFO]: Request: GET /api/category/categories-with-blog-count - IP: ::1
[2025-01-10T00:38:52.032Z] [INFO]: Request: GET /api/blog - IP: ::1
[2025-01-10T00:39:07.191Z] [INFO]: Request: GET /api/category/categories-with-blog-count - IP: ::1
[2025-01-10T00:39:07.206Z] [INFO]: Request: GET /api/blog - IP: ::1
[2025-01-10T00:39:10.228Z] [INFO]: Request: GET /api/blog - IP: ::1
[2025-01-10T00:39:26.273Z] [INFO]: Request: GET /api/blog - IP: ::1
[2025-01-10T00:39:29.872Z] [INFO]: Request: GET /api/blog/cm5pu8tpc0001mn03t6k2u8rc - IP: ::1
[2025-01-10T00:39:30.999Z] [INFO]: Request: GET /api/blog - IP: ::1
[2025-01-10T00:39:35.256Z] [INFO]: Request: GET /api/blog/cm5psf5780004i0g4ezpx3i9o - IP: ::1
[2025-01-10T00:39:36.462Z] [INFO]: Request: GET /api/blog - IP: ::1
[2025-01-10T00:39:39.174Z] [INFO]: Request: GET /api/blog/cm5pse3e20001i0g4mlvdqrft - IP: ::1
[2025-01-10T00:39:40.427Z] [INFO]: Request: GET /api/blog - IP: ::1
[2025-01-10T00:39:42.958Z] [INFO]: Request: GET /api/blog/cm5otxrt50005jv03h25ci9k8 - IP: ::1
[2025-01-10T00:39:43.217Z] [INFO]: Request: GET /public/assets/blog/aaa2004bbe328ac8e2bfb08cfbbc8a17.jpg - IP: ::1
[2025-01-10T00:39:45.998Z] [INFO]: Request: GET /api/blog - IP: ::1
[2025-01-10T00:39:49.451Z] [INFO]: Request: DELETE /api/blog/cm5otxrt50005jv03h25ci9k8 - IP: ::1
[2025-01-10T00:39:50.414Z] [INFO]: Request: GET /api/blog - IP: ::1
[2025-01-10T00:40:13.731Z] [INFO]: Request: GET /api/blog - IP: ::1
[2025-01-10T00:40:22.754Z] [INFO]: Request: GET /api/blog - IP: ::1
[2025-01-10T00:40:23.715Z] [INFO]: Request: GET /api/tag - IP: ::1
[2025-01-10T00:40:23.723Z] [INFO]: Request: GET /api/category - IP: ::1
[2025-01-10T00:40:30.693Z] [INFO]: Request: GET /api/category - IP: ::1
[2025-01-10T00:40:30.715Z] [INFO]: Request: GET /api/tag - IP: ::1
[2025-01-10T00:40:30.724Z] [INFO]: Request: POST /api/blog/coverimage - IP: ::1
[2025-01-10T00:40:42.075Z] [INFO]: Request: POST /api/blog - IP: ::1
[2025-01-10T00:40:51.190Z] [INFO]: Request: GET /api/blog/cm5q16vf10004pcyx7iva11jy - IP: ::1
[2025-01-10T00:40:53.554Z] [INFO]: Request: GET /public/assets/blog/a1747c7cf94e7300d71de4e0ce257646.jpg - IP: ::1
[2025-01-10T00:41:01.723Z] [INFO]: Request: GET /api/category - IP: ::1
[2025-01-10T00:41:01.725Z] [INFO]: Request: GET /api/tag - IP: ::1
[2025-01-10T00:41:04.757Z] [INFO]: Request: GET /api/blog - IP: ::1
[2025-01-10T00:41:13.934Z] [INFO]: Request: GET /api/blog - IP: ::1
[2025-01-10T00:41:17.054Z] [INFO]: Request: DELETE /api/blog/cm5q16vf10004pcyx7iva11jy - IP: ::1
[2025-01-10T00:41:17.498Z] [INFO]: Request: GET /api/blog - IP: ::1
[2025-01-10T00:42:13.793Z] [INFO]: Request: GET /api/category - IP: ::1
[2025-01-10T00:42:13.808Z] [INFO]: Request: GET /api/tag - IP: ::1
[2025-01-10T00:42:18.513Z] [INFO]: Request: GET /api/category - IP: ::1
[2025-01-10T00:42:18.516Z] [INFO]: Request: GET /api/tag - IP: ::1
[2025-01-10T00:42:18.523Z] [INFO]: Request: POST /api/blog/coverimage - IP: ::1
[2025-01-10T00:42:40.545Z] [INFO]: Request: POST /api/blog - IP: ::1
[2025-01-10T00:42:45.130Z] [INFO]: Request: GET /api/blog - IP: ::1
[2025-01-10T00:42:51.057Z] [INFO]: Request: DELETE /api/blog/cm5q19eux0004pcm593z26ehr - IP: ::1
[2025-01-10T00:42:51.519Z] [INFO]: Request: GET /api/blog - IP: ::1
[2025-01-10T00:43:13.275Z] [INFO]: Request: GET /api/auth/check - IP: ::1
[2025-01-10T00:43:58.297Z] [INFO]: Request: GET /api/blog - IP: ::1
[2025-01-10T00:45:45.955Z] [INFO]: Request: GET /api/blog - IP: ::1
[2025-01-10T00:45:50.283Z] [INFO]: Request: GET /api/tag - IP: ::1
[2025-01-10T00:45:50.296Z] [INFO]: Request: GET /api/category - IP: ::1
[2025-01-10T00:45:57.713Z] [INFO]: Request: GET /api/category - IP: ::1
[2025-01-10T00:45:57.716Z] [INFO]: Request: GET /api/tag - IP: ::1
[2025-01-10T00:45:57.726Z] [INFO]: Request: POST /api/blog/coverimage - IP: ::1
[2025-01-10T00:46:04.682Z] [INFO]: Request: GET /api/category - IP: ::1
[2025-01-10T00:46:04.686Z] [INFO]: Request: GET /api/tag - IP: ::1
[2025-01-10T00:46:05.841Z] [INFO]: Request: POST /api/blog/contentimage - IP: ::1
[2025-01-10T00:46:06.165Z] [INFO]: Request: GET /public/assets/blog/content/dd7eda04a678fddedf2707477d3bef03.jpg - IP: ::1
[2025-01-10T00:46:19.829Z] [INFO]: Request: POST /api/blog - IP: ::1
[2025-01-10T00:46:22.878Z] [INFO]: Request: GET /api/blog - IP: ::1
[2025-01-10T00:46:29.640Z] [INFO]: Request: GET /api/blog - IP: ::1
[2025-01-10T00:46:31.773Z] [INFO]: Request: DELETE /api/blog/cm5q1e4on0005pcfyu1oqf0bl - IP: ::1
[2025-01-10T00:46:32.199Z] [INFO]: Request: GET /api/blog - IP: ::1
[2025-01-10T00:47:24.674Z] [INFO]: Request: GET /api/blog - IP: ::1
[2025-01-10T00:48:13.284Z] [INFO]: Request: GET /api/auth/check - IP: ::1
[2025-01-10T00:52:04.192Z] [INFO]: Request: GET /api/blog - IP: ::1
[2025-01-10T00:52:07.739Z] [INFO]: Request: GET /api/blog - IP: ::1
[2025-01-10T00:52:07.744Z] [INFO]: Request: GET /api/category/categories-with-blog-count - IP: ::1
[2025-01-10T00:52:09.152Z] [INFO]: Request: GET /api/category - IP: ::1
[2025-01-10T00:52:09.156Z] [INFO]: Request: GET /api/tag - IP: ::1
[2025-01-10T00:52:21.306Z] [INFO]: Request: GET /api/category - IP: ::1
[2025-01-10T00:52:21.325Z] [INFO]: Request: GET /api/tag - IP: ::1
[2025-01-10T00:52:24.670Z] [INFO]: Request: POST /api/blog/coverimage - IP: ::1
[2025-01-10T00:52:32.991Z] [INFO]: Request: GET /api/tag - IP: ::1
[2025-01-10T00:52:33.008Z] [INFO]: Request: GET /api/category - IP: ::1
[2025-01-10T00:52:33.760Z] [INFO]: Request: POST /api/blog/contentimage - IP: ::1
[2025-01-10T00:52:34.427Z] [INFO]: Request: GET /public/assets/blog/content/e1572c3c836a2b1479fa103a96757e81.jpg - IP: ::1
[2025-01-10T00:52:43.983Z] [INFO]: Request: POST /api/blog - IP: ::1
[2025-01-10T00:52:47.476Z] [INFO]: Request: GET /api/blog - IP: ::1
[2025-01-10T00:52:52.900Z] [INFO]: Request: DELETE /api/blog/cm5q1mcbd0005pcphs0j7cc33 - IP: ::1
[2025-01-10T00:52:53.345Z] [INFO]: Request: GET /api/blog - IP: ::1
[2025-01-10T00:53:13.281Z] [INFO]: Request: GET /api/auth/check - IP: ::1
[2025-01-10T00:53:35.167Z] [INFO]: Request: GET /api/blog - IP: ::1
[2025-01-10T00:55:36.533Z] [INFO]: Request: GET /api/blog - IP: ::1
[2025-01-10T00:55:39.208Z] [INFO]: Request: GET /api/blog - IP: ::1
[2025-01-10T00:55:39.209Z] [INFO]: Request: GET /public/assets/profile-image/f83c925aaef90e1cb550979576ffdcdc.png - IP: ::1
[2025-01-10T00:55:41.558Z] [INFO]: Request: GET /api/tag - IP: ::1
[2025-01-10T00:55:41.562Z] [INFO]: Request: GET /api/category - IP: ::1
[2025-01-10T00:55:46.429Z] [INFO]: Request: GET /api/category - IP: ::1
[2025-01-10T00:55:46.432Z] [INFO]: Request: GET /api/tag - IP: ::1
[2025-01-10T00:55:46.440Z] [INFO]: Request: POST /api/blog/coverimage - IP: ::1
[2025-01-10T00:55:54.576Z] [INFO]: Request: GET /api/category - IP: ::1
[2025-01-10T00:55:54.582Z] [INFO]: Request: GET /api/tag - IP: ::1
[2025-01-10T00:55:55.690Z] [INFO]: Request: POST /api/blog/contentimage - IP: ::1
[2025-01-10T00:55:56.012Z] [INFO]: Request: GET /public/assets/blog/content/b5e1e27e5c1be7ec1da7a4e499dd70ba.jpg - IP: ::1
[2025-01-10T00:56:04.546Z] [INFO]: Request: POST /api/blog - IP: ::1
[2025-01-10T00:56:07.376Z] [INFO]: Request: GET /api/blog - IP: ::1
[2025-01-10T00:56:13.403Z] [INFO]: Request: DELETE /api/blog/cm5q1qn400005pclqtv55zaqi - IP: ::1
[2025-01-10T00:56:13.873Z] [INFO]: Request: GET /api/blog - IP: ::1
[2025-01-10T00:56:31.800Z] [INFO]: Request: GET /api/blog - IP: ::1
[2025-01-10T00:58:29.167Z] [INFO]: Request: GET /api/blog - IP: ::1
[2025-01-10T00:58:36.168Z] [INFO]: Request: GET /api/blog - IP: ::1
[2025-01-10T00:58:36.870Z] [INFO]: Request: GET /api/category - IP: ::1
[2025-01-10T00:58:36.904Z] [INFO]: Request: GET /api/tag - IP: ::1
[2025-01-10T00:58:43.052Z] [INFO]: Request: GET /api/category - IP: ::1
[2025-01-10T00:58:43.076Z] [INFO]: Request: GET /api/tag - IP: ::1
[2025-01-10T00:58:43.082Z] [INFO]: Request: POST /api/blog/coverimage - IP: ::1
[2025-01-10T00:58:55.640Z] [INFO]: Request: GET /api/category - IP: ::1
[2025-01-10T00:58:55.650Z] [INFO]: Request: GET /api/tag - IP: ::1
[2025-01-10T00:58:56.421Z] [INFO]: Request: POST /api/blog/contentimage - IP: ::1
[2025-01-10T00:58:56.781Z] [INFO]: Request: GET /public/assets/blog/content/958d5beeb49cc8ffad8ff1fe63e8d409.jpg - IP: ::1
[2025-01-10T00:59:05.333Z] [INFO]: Request: POST /api/blog - IP: ::1
[2025-01-10T00:59:09.476Z] [INFO]: Request: GET /api/blog - IP: ::1
[2025-01-10T00:59:15.402Z] [INFO]: Request: DELETE /api/blog/cm5q1uijx0005pcuku6h4uvej - IP: ::1
[2025-01-10T00:59:16.096Z] [INFO]: Request: GET /api/blog - IP: ::1
[2025-01-10T01:00:39.323Z] [INFO]: Request: GET /api/auth/check - IP: ::1
[2025-01-10T01:05:39.330Z] [INFO]: Request: GET /api/auth/check - IP: ::1
[2025-01-10T01:08:44.563Z] [INFO]: Request: GET /api/blog - IP: ::1
[2025-01-10T01:08:49.425Z] [INFO]: Request: GET /api/category - IP: ::1
[2025-01-10T01:08:49.428Z] [INFO]: Request: GET /api/tag - IP: ::1
[2025-01-10T01:08:53.729Z] [INFO]: Request: GET /api/category - IP: ::1
[2025-01-10T01:08:54.809Z] [INFO]: Request: GET /api/tag - IP: ::1
[2025-01-10T01:08:55.616Z] [INFO]: Request: GET /api/tag - IP: ::1
[2025-01-10T01:08:57.659Z] [INFO]: Request: GET /api/user - IP: ::1
[2025-01-10T01:08:57.775Z] [INFO]: Request: GET /public/assets/profile-image/26e0dfab7c0f24beed1c96de641c5b90.png - IP: ::1
[2025-01-10T01:08:57.783Z] [INFO]: Request: GET /public/assets/profile-image/4f8275eb37b84cbf97888d2707ef91b3.png - IP: ::1
[2025-01-10T01:08:57.790Z] [INFO]: Request: GET /public/assets/profile-image/ca9e90cfd08134867fd617bb28b96653.png - IP: ::1
[2025-01-10T01:09:00.783Z] [INFO]: Request: GET /api/blog - IP: ::1
